1540253259652	mozrunner::runner	INFO	Running command: "/Applications/Firefox.app/Contents/MacOS/firefox-bin" "-marionette" "-foreground" "-no-remote" "-profile" "/var/folders/b9/n_fvvmc95clfd6qskztntdp40000gn/T/rust_mozprofile.LtCFxgBqLMyM"
2018-10-22 19:07:41.079 plugin-container[18847:648489] *** CFMessagePort: bootstrap_register(): failed 1100 (0x44c) 'Permission denied', port = 0x8b3f, name = 'com.apple.tsm.portname'
See /usr/include/servers/bootstrap_defs.h for the error codes.
2018-10-22 19:07:41.327 plugin-container[18847:648489] *** CFMessagePort: bootstrap_register(): failed 1100 (0x44c) 'Permission denied', port = 0x8bcb, name = 'com.apple.coredrag'
See /usr/include/servers/bootstrap_defs.h for the error codes.
2018-10-22 19:07:41.409 plugin-container[18848:648512] *** CFMessagePort: bootstrap_register(): failed 1100 (0x44c) 'Permission denied', port = 0x6f47, name = 'com.apple.tsm.portname'
See /usr/include/servers/bootstrap_defs.h for the error codes.
2018-10-22 19:07:41.516 plugin-container[18848:648512] *** CFMessagePort: bootstrap_register(): failed 1100 (0x44c) 'Permission denied', port = 0x6f1b, name = 'com.apple.coredrag'
See /usr/include/servers/bootstrap_defs.h for the error codes.
1540253261659	Marionette	INFO	Listening on port 56732
1540253261713	Marionette	WARN	TLS certificate errors will be ignored for this session
1540253261767	Marionette	DEBUG	[4294967297] Frame script loaded
1540253261774	Marionette	DEBUG	[4294967297] Frame script registered
2018-10-22 19:07:42.098 plugin-container[18853:648687] *** CFMessagePort: bootstrap_register(): failed 1100 (0x44c) 'Permission denied', port = 0x8e43, name = 'com.apple.tsm.portname'
See /usr/include/servers/bootstrap_defs.h for the error codes.
2018-10-22 19:07:42.170 plugin-container[18853:648687] *** CFMessagePort: bootstrap_register(): failed 1100 (0x44c) 'Permission denied', port = 0x8ed7, name = 'com.apple.coredrag'
See /usr/include/servers/bootstrap_defs.h for the error codes.
1540253298068	mozrunner::runner	INFO	Running command: "/Applications/Firefox.app/Contents/MacOS/firefox-bin" "-marionette" "-foreground" "-no-remote" "-profile" "/var/folders/b9/n_fvvmc95clfd6qskztntdp40000gn/T/rust_mozprofile.aod9pyseFdBL"
2018-10-22 19:08:19.502 plugin-container[18875:649498] *** CFMessagePort: bootstrap_register(): failed 1100 (0x44c) 'Permission denied', port = 0x723b, name = 'com.apple.tsm.portname'
See /usr/include/servers/bootstrap_defs.h for the error codes.
2018-10-22 19:08:19.634 plugin-container[18875:649498] *** CFMessagePort: bootstrap_register(): failed 1100 (0x44c) 'Permission denied', port = 0x7213, name = 'com.apple.coredrag'
See /usr/include/servers/bootstrap_defs.h for the error codes.
2018-10-22 19:08:19.837 plugin-container[18876:649524] *** CFMessagePort: bootstrap_register(): failed 1100 (0x44c) 'Permission denied', port = 0x753b, name = 'com.apple.tsm.portname'
See /usr/include/servers/bootstrap_defs.h for the error codes.
2018-10-22 19:08:19.935 plugin-container[18876:649524] *** CFMessagePort: bootstrap_register(): failed 1100 (0x44c) 'Permission denied', port = 0x75b7, name = 'com.apple.coredrag'
See /usr/include/servers/bootstrap_defs.h for the error codes.
1540253300127	Marionette	INFO	Listening on port 56787
1540253300142	Marionette	WARN	TLS certificate errors will be ignored for this session
1540253300188	Marionette	DEBUG	[4294967297] Frame script loaded
1540253300215	Marionette	DEBUG	[4294967297] Frame script registered
1540253300235	Marionette	DEBUG	[4294967297] Received DOM event beforeunload for about:blank
1540253300504	Marionette	DEBUG	[4294967297] Received DOM event pagehide for about:blank
2018-10-22 19:08:20.516 plugin-container[18877:649625] *** CFMessagePort: bootstrap_register(): failed 1100 (0x44c) 'Permission denied', port = 0x8c27, name = 'com.apple.tsm.portname'
See /usr/include/servers/bootstrap_defs.h for the error codes.
2018-10-22 19:08:20.634 plugin-container[18877:649625] *** CFMessagePort: bootstrap_register(): failed 1100 (0x44c) 'Permission denied', port = 0x8c2b, name = 'com.apple.coredrag'
See /usr/include/servers/bootstrap_defs.h for the error codes.
1540253300832	Marionette	DEBUG	[4294967297] Received DOM event DOMContentLoaded for http://fantasy.espn.com/hockey/team?leagueId=59174507&teamId=2&seasonId=2019
1540253302746	Marionette	DEBUG	[4294967297] Received DOM event pageshow for http://fantasy.espn.com/hockey/team?leagueId=59174507&teamId=2&seasonId=2019
JavaScript error: http://cdn1.espn.net/kona/755f83fb384a-1.0.1318/_next/static/commons/main-affa7694a8a2f0edbf6f.js, line 1: Error: HTTP request failed with status code 404: http://site.api.espn.com/apis/fantasy/v2/games/fhl/games
JavaScript error: , line 0: uncaught exception: undefined
JavaScript error: , line 0: uncaught exception: undefined
JavaScript warning: https://www.googletagmanager.com/gtag/js?id=AW-817714641, line 75: unreachable code after return statement
JavaScript warning: https://www.googletagmanager.com/gtag/js?id=AW-817714641, line 124: unreachable code after return statement
JavaScript warning: https://www.googletagmanager.com/gtag/js?id=AW-817714641, line 124: unreachable code after return statement
JavaScript warning: https://www.googletagmanager.com/gtag/js?id=AW-817714641, line 75: unreachable code after return statement
1540253371653	mozrunner::runner	INFO	Running command: "/Applications/Firefox.app/Contents/MacOS/firefox-bin" "-marionette" "-foreground" "-no-remote" "-profile" "/var/folders/b9/n_fvvmc95clfd6qskztntdp40000gn/T/rust_mozprofile.jPEJX5bdxtXO"
2018-10-22 19:09:33.325 plugin-container[18927:651195] *** CFMessagePort: bootstrap_register(): failed 1100 (0x44c) 'Permission denied', port = 0x8a43, name = 'com.apple.tsm.portname'
See /usr/include/servers/bootstrap_defs.h for the error codes.
2018-10-22 19:09:33.636 plugin-container[18927:651195] *** CFMessagePort: bootstrap_register(): failed 1100 (0x44c) 'Permission denied', port = 0x8a0b, name = 'com.apple.coredrag'
See /usr/include/servers/bootstrap_defs.h for the error codes.
2018-10-22 19:09:33.694 plugin-container[18928:651219] *** CFMessagePort: bootstrap_register(): failed 1100 (0x44c) 'Permission denied', port = 0x9043, name = 'com.apple.tsm.portname'
See /usr/include/servers/bootstrap_defs.h for the error codes.
2018-10-22 19:09:33.822 plugin-container[18928:651219] *** CFMessagePort: bootstrap_register(): failed 1100 (0x44c) 'Permission denied', port = 0x9007, name = 'com.apple.coredrag'
See /usr/include/servers/bootstrap_defs.h for the error codes.
1540253374045	Marionette	INFO	Listening on port 56981
1540253374133	Marionette	WARN	TLS certificate errors will be ignored for this session
1540253374190	Marionette	DEBUG	[4294967297] Frame script loaded
1540253374230	Marionette	DEBUG	[4294967297] Frame script registered
1540253374257	Marionette	DEBUG	[4294967297] Received DOM event beforeunload for about:blank
1540253374552	Marionette	DEBUG	[4294967297] Received DOM event pagehide for about:blank
2018-10-22 19:09:34.633 plugin-container[18929:651346] *** CFMessagePort: bootstrap_register(): failed 1100 (0x44c) 'Permission denied', port = 0x7c07, name = 'com.apple.tsm.portname'
See /usr/include/servers/bootstrap_defs.h for the error codes.
2018-10-22 19:09:34.790 plugin-container[18929:651346] *** CFMessagePort: bootstrap_register(): failed 1100 (0x44c) 'Permission denied', port = 0x7c83, name = 'com.apple.coredrag'
See /usr/include/servers/bootstrap_defs.h for the error codes.
1540253375045	Marionette	DEBUG	[4294967297] Received DOM event DOMContentLoaded for http://fantasy.espn.com/hockey/team?leagueId=59174507&teamId=2&seasonId=2019
1540253377036	Marionette	DEBUG	[4294967297] Received DOM event pageshow for http://fantasy.espn.com/hockey/team?leagueId=59174507&teamId=2&seasonId=2019
JavaScript error: http://cdn1.espn.net/kona/755f83fb384a-1.0.1318/_next/static/commons/main-affa7694a8a2f0edbf6f.js, line 1: Error: HTTP request failed with status code 404: http://site.api.espn.com/apis/fantasy/v2/games/fhl/games
JavaScript error: , line 0: uncaught exception: undefined
JavaScript error: , line 0: uncaught exception: undefined

###!!! [Child][RunMessage] Error: Channel closing: too late to send/recv, messages will be lost


###!!! [Child][RunMessage] Error: Channel closing: too late to send/recv, messages will be lost

1540253624959	mozrunner::runner	INFO	Running command: "/Applications/Firefox.app/Contents/MacOS/firefox-bin" "-marionette" "--headless" "-foreground" "-no-remote" "-profile" "/var/folders/b9/n_fvvmc95clfd6qskztntdp40000gn/T/rust_mozprofile.geJKlEHNjvtP"
*** You are running in headless mode.
2018-10-22 19:13:46.300 plugin-container[18979:657201] *** CFMessagePort: bootstrap_register(): failed 1100 (0x44c) 'Permission denied', port = 0x8f3f, name = 'com.apple.tsm.portname'
See /usr/include/servers/bootstrap_defs.h for the error codes.
2018-10-22 19:13:46.418 plugin-container[18979:657201] *** CFMessagePort: bootstrap_register(): failed 1100 (0x44c) 'Permission denied', port = 0x7da7, name = 'com.apple.coredrag'
See /usr/include/servers/bootstrap_defs.h for the error codes.
2018-10-22 19:13:46.521 plugin-container[18980:657230] *** CFMessagePort: bootstrap_register(): failed 1100 (0x44c) 'Permission denied', port = 0x8743, name = 'com.apple.tsm.portname'
See /usr/include/servers/bootstrap_defs.h for the error codes.
2018-10-22 19:13:46.639 plugin-container[18980:657230] *** CFMessagePort: bootstrap_register(): failed 1100 (0x44c) 'Permission denied', port = 0x87bf, name = 'com.apple.coredrag'
See /usr/include/servers/bootstrap_defs.h for the error codes.
1540253626780	Marionette	INFO	Listening on port 57288
1540253626805	Marionette	WARN	TLS certificate errors will be ignored for this session
1540253626858	Marionette	DEBUG	[4294967297] Frame script loaded
1540253626937	Marionette	DEBUG	[4294967297] Frame script registered
1540253626955	Marionette	DEBUG	[4294967297] Received DOM event beforeunload for about:blank
2018-10-22 19:13:47.210 plugin-container[18981:657400] *** CFMessagePort: bootstrap_register(): failed 1100 (0x44c) 'Permission denied', port = 0x7843, name = 'com.apple.tsm.portname'
See /usr/include/servers/bootstrap_defs.h for the error codes.
1540253627219	Marionette	DEBUG	[4294967297] Received DOM event pagehide for about:blank
2018-10-22 19:13:47.310 plugin-container[18981:657400] *** CFMessagePort: bootstrap_register(): failed 1100 (0x44c) 'Permission denied', port = 0x7803, name = 'com.apple.coredrag'
See /usr/include/servers/bootstrap_defs.h for the error codes.
1540253627601	Marionette	DEBUG	[4294967297] Received DOM event DOMContentLoaded for http://fantasy.espn.com/hockey/team?leagueId=59174507&teamId=2&seasonId=2019
1540253629200	Marionette	DEBUG	[4294967297] Received DOM event pageshow for http://fantasy.espn.com/hockey/team?leagueId=59174507&teamId=2&seasonId=2019
JavaScript warning: https://www.googletagmanager.com/gtag/js?id=AW-817714641, line 75: unreachable code after return statement
JavaScript warning: https://www.googletagmanager.com/gtag/js?id=AW-817714641, line 124: unreachable code after return statement
JavaScript warning: https://www.googletagmanager.com/gtag/js?id=AW-817714641, line 124: unreachable code after return statement
JavaScript warning: https://www.googletagmanager.com/gtag/js?id=AW-817714641, line 75: unreachable code after return statement
JavaScript warning: https://cdn.flashtalking.com/frameworks/js/api/2/8/html5API.js, line 89: Error: WebGL warning: Can't use WebGL in headless mode (https://bugzil.la/1375585).
JavaScript warning: https://cdn.flashtalking.com/frameworks/js/api/2/8/html5API.js, line 89: Error: WebGL warning: Failed to create WebGL context: WebGL creation failed: 
* Can't use WebGL in headless mode (https://bugzil.la/1375585).
2018-10-22 19:14:00.579 plugin-container[18992:657843] *** CFMessagePort: bootstrap_register(): failed 1100 (0x44c) 'Permission denied', port = 0x8703, name = 'com.apple.tsm.portname'
See /usr/include/servers/bootstrap_defs.h for the error codes.
2018-10-22 19:14:00.661 plugin-container[18992:657843] *** CFMessagePort: bootstrap_register(): failed 1100 (0x44c) 'Permission denied', port = 0x875f, name = 'com.apple.coredrag'
See /usr/include/servers/bootstrap_defs.h for the error codes.
1540253641278	Marionette	INFO	Stopped listening on port 56981
2018-10-22 19:14:02.566 plugin-container[18993:658105] *** CFMessagePort: bootstrap_register(): failed 1100 (0x44c) 'Permission denied', port = 0x9143, name = 'com.apple.tsm.portname'
See /usr/include/servers/bootstrap_defs.h for the error codes.
2018-10-22 19:14:02.645 plugin-container[18993:658105] *** CFMessagePort: bootstrap_register(): failed 1100 (0x44c) 'Permission denied', port = 0x915f, name = 'com.apple.coredrag'
See /usr/include/servers/bootstrap_defs.h for the error codes.
1540253643228	Marionette	INFO	Stopped listening on port 56787
1540253896768	mozrunner::runner	INFO	Running command: "/Applications/Firefox.app/Contents/MacOS/firefox-bin" "-marionette" "--headless" "-foreground" "-no-remote" "-profile" "/var/folders/b9/n_fvvmc95clfd6qskztntdp40000gn/T/rust_mozprofile.utqOQ9Xc0M7N"
*** You are running in headless mode.
2018-10-22 19:18:17.987 plugin-container[19031:665078] *** CFMessagePort: bootstrap_register(): failed 1100 (0x44c) 'Permission denied', port = 0x7a43, name = 'com.apple.tsm.portname'
See /usr/include/servers/bootstrap_defs.h for the error codes.
2018-10-22 19:18:18.096 plugin-container[19031:665078] *** CFMessagePort: bootstrap_register(): failed 1100 (0x44c) 'Permission denied', port = 0x7a1f, name = 'com.apple.coredrag'
See /usr/include/servers/bootstrap_defs.h for the error codes.
2018-10-22 19:18:18.147 plugin-container[19032:665103] *** CFMessagePort: bootstrap_register(): failed 1100 (0x44c) 'Permission denied', port = 0x893f, name = 'com.apple.tsm.portname'
See /usr/include/servers/bootstrap_defs.h for the error codes.
2018-10-22 19:18:18.269 plugin-container[19032:665103] *** CFMessagePort: bootstrap_register(): failed 1100 (0x44c) 'Permission denied', port = 0x742b, name = 'com.apple.coredrag'
See /usr/include/servers/bootstrap_defs.h for the error codes.
1540253898541	Marionette	INFO	Listening on port 57580
1540253898602	Marionette	WARN	TLS certificate errors will be ignored for this session
1540253898650	Marionette	DEBUG	[4294967297] Frame script loaded
1540253898689	Marionette	DEBUG	[4294967297] Frame script registered
1540253898736	Marionette	DEBUG	[4294967297] Received DOM event beforeunload for about:blank
2018-10-22 19:18:18.892 plugin-container[19033:665202] *** CFMessagePort: bootstrap_register(): failed 1100 (0x44c) 'Permission denied', port = 0x7203, name = 'com.apple.tsm.portname'
See /usr/include/servers/bootstrap_defs.h for the error codes.
1540253898958	Marionette	DEBUG	[4294967297] Received DOM event pagehide for about:blank
2018-10-22 19:18:18.974 plugin-container[19033:665202] *** CFMessagePort: bootstrap_register(): failed 1100 (0x44c) 'Permission denied', port = 0x712b, name = 'com.apple.coredrag'
See /usr/include/servers/bootstrap_defs.h for the error codes.
1540253899265	Marionette	DEBUG	[4294967297] Received DOM event DOMContentLoaded for http://fantasy.espn.com/hockey/team?leagueId=59174507&teamId=2&seasonId=2019
1540253900345	Marionette	DEBUG	[4294967297] Received DOM event pageshow for http://fantasy.espn.com/hockey/team?leagueId=59174507&teamId=2&seasonId=2019
JavaScript error: http://cdn1.espn.net/kona/755f83fb384a-1.0.1318/_next/static/commons/main-affa7694a8a2f0edbf6f.js, line 1: Error: HTTP request failed with status code 404: http://site.api.espn.com/apis/fantasy/v2/games/fhl/games
JavaScript error: , line 0: uncaught exception: undefined
JavaScript error: , line 0: uncaught exception: undefined
JavaScript warning: https://www.googletagmanager.com/gtag/js?id=AW-817714641, line 75: unreachable code after return statement
JavaScript warning: https://www.googletagmanager.com/gtag/js?id=AW-817714641, line 124: unreachable code after return statement
JavaScript warning: https://www.googletagmanager.com/gtag/js?id=AW-817714641, line 124: unreachable code after return statement
JavaScript warning: https://www.googletagmanager.com/gtag/js?id=AW-817714641, line 75: unreachable code after return statement
1540253978117	mozrunner::runner	INFO	Running command: "/Applications/Firefox.app/Contents/MacOS/firefox-bin" "-marionette" "-foreground" "-no-remote" "-profile" "/var/folders/b9/n_fvvmc95clfd6qskztntdp40000gn/T/rust_mozprofile.CI4moptApEap"
2018-10-22 19:19:39.584 plugin-container[19096:667379] *** CFMessagePort: bootstrap_register(): failed 1100 (0x44c) 'Permission denied', port = 0x883f, name = 'com.apple.tsm.portname'
See /usr/include/servers/bootstrap_defs.h for the error codes.
2018-10-22 19:19:39.749 plugin-container[19096:667379] *** CFMessagePort: bootstrap_register(): failed 1100 (0x44c) 'Permission denied', port = 0x88b7, name = 'com.apple.coredrag'
See /usr/include/servers/bootstrap_defs.h for the error codes.
2018-10-22 19:19:39.963 plugin-container[19097:667401] *** CFMessagePort: bootstrap_register(): failed 1100 (0x44c) 'Permission denied', port = 0x883f, name = 'com.apple.tsm.portname'
See /usr/include/servers/bootstrap_defs.h for the error codes.
2018-10-22 19:19:40.083 plugin-container[19097:667401] *** CFMessagePort: bootstrap_register(): failed 1100 (0x44c) 'Permission denied', port = 0x881b, name = 'com.apple.coredrag'
See /usr/include/servers/bootstrap_defs.h for the error codes.
1540253980279	Marionette	INFO	Listening on port 57780
1540253980357	Marionette	WARN	TLS certificate errors will be ignored for this session
1540253980400	Marionette	DEBUG	[4294967297] Frame script loaded
1540253980401	Marionette	DEBUG	[4294967297] Frame script registered
1540253980414	Marionette	DEBUG	[4294967297] Received DOM event beforeunload for about:blank
1540253980649	Marionette	DEBUG	[4294967297] Received DOM event pagehide for about:blank
2018-10-22 19:19:40.813 plugin-container[19098:667549] *** CFMessagePort: bootstrap_register(): failed 1100 (0x44c) 'Permission denied', port = 0x8843, name = 'com.apple.tsm.portname'
See /usr/include/servers/bootstrap_defs.h for the error codes.
1540253980932	Marionette	DEBUG	[4294967297] Received DOM event DOMContentLoaded for http://fantasy.espn.com/hockey/team?leagueId=59174507&teamId=2&seasonId=2019
2018-10-22 19:19:40.941 plugin-container[19098:667549] *** CFMessagePort: bootstrap_register(): failed 1100 (0x44c) 'Permission denied', port = 0x881f, name = 'com.apple.coredrag'
See /usr/include/servers/bootstrap_defs.h for the error codes.
1540253982283	Marionette	DEBUG	[4294967297] Received DOM event pageshow for http://fantasy.espn.com/hockey/team?leagueId=59174507&teamId=2&seasonId=2019
JavaScript warning: https://www.googletagmanager.com/gtag/js?id=AW-817714641, line 75: unreachable code after return statement
JavaScript warning: https://www.googletagmanager.com/gtag/js?id=AW-817714641, line 124: unreachable code after return statement
JavaScript warning: https://www.googletagmanager.com/gtag/js?id=AW-817714641, line 124: unreachable code after return statement
JavaScript warning: https://www.googletagmanager.com/gtag/js?id=AW-817714641, line 75: unreachable code after return statement
JavaScript warning: https://www.googletagmanager.com/gtag/js?id=AW-817714641, line 75: unreachable code after return statement
JavaScript warning: https://www.googletagmanager.com/gtag/js?id=AW-817714641, line 124: unreachable code after return statement
JavaScript warning: https://www.googletagmanager.com/gtag/js?id=AW-817714641, line 124: unreachable code after return statement
JavaScript warning: https://www.googletagmanager.com/gtag/js?id=AW-817714641, line 75: unreachable code after return statement
JavaScript error: https://cdn.flashtalking.com/pageFold/ftpagefold_v4.7.2.js, line 1: TypeError: b.parent is null
JavaScript error: https://cdn.flashtalking.com/pageFold/ftpagefold_v4.7.2.js, line 1: TypeError: b.parent is null
JavaScript error: https://cdn.flashtalking.com/pageFold/ftpagefold_v4.7.2.js, line 1: TypeError: b.parent is null
JavaScript error: https://cdn.flashtalking.com/pageFold/ftpagefold_v4.7.2.js, line 1: TypeError: b.parent is null
JavaScript warning: https://www.googletagmanager.com/gtag/js?id=AW-817714641, line 75: unreachable code after return statement
JavaScript warning: https://www.googletagmanager.com/gtag/js?id=AW-817714641, line 124: unreachable code after return statement
JavaScript warning: https://www.googletagmanager.com/gtag/js?id=AW-817714641, line 124: unreachable code after return statement
JavaScript warning: https://www.googletagmanager.com/gtag/js?id=AW-817714641, line 75: unreachable code after return statement
JavaScript warning: https://www.googletagmanager.com/gtag/js?id=AW-817714641, line 75: unreachable code after return statement
JavaScript warning: https://www.googletagmanager.com/gtag/js?id=AW-817714641, line 124: unreachable code after return statement
JavaScript warning: https://www.googletagmanager.com/gtag/js?id=AW-817714641, line 124: unreachable code after return statement
JavaScript warning: https://www.googletagmanager.com/gtag/js?id=AW-817714641, line 75: unreachable code after return statement
JavaScript error: https://cdn.flashtalking.com/pageFold/ftpagefold_v4.7.2.js, line 1: TypeError: b.parent is null
JavaScript error: https://cdn.flashtalking.com/pageFold/ftpagefold_v4.7.2.js, line 1: TypeError: b.parent is null
JavaScript error: https://cdn.flashtalking.com/pageFold/ftpagefold_v4.7.2.js, line 1: TypeError: b.parent is null
JavaScript error: https://cdn.flashtalking.com/pageFold/ftpagefold_v4.7.2.js, line 1: TypeError: b.parent is null
JavaScript error: https://cdn.flashtalking.com/pageFold/ftpagefold_v4.7.2.js, line 1: TypeError: b.parent is null
JavaScript error: https://cdn.flashtalking.com/pageFold/ftpagefold_v4.7.2.js, line 1: TypeError: b.parent is null
JavaScript error: https://cdn.flashtalking.com/pageFold/ftpagefold_v4.7.2.js, line 1: TypeError: b.parent is null
JavaScript error: https://cdn.flashtalking.com/pageFold/ftpagefold_v4.7.2.js, line 1: TypeError: b.parent is null
JavaScript error: https://cdn.flashtalking.com/pageFold/ftpagefold_v4.7.2.js, line 1: TypeError: b.parent is null
JavaScript error: https://cdn.flashtalking.com/pageFold/ftpagefold_v4.7.2.js, line 1: TypeError: b.parent is null
JavaScript error: https://cdn.flashtalking.com/pageFold/ftpagefold_v4.7.2.js, line 1: TypeError: b.parent is null
JavaScript error: https://cdn.flashtalking.com/pageFold/ftpagefold_v4.7.2.js, line 1: TypeError: b.parent is null
JavaScript error: https://cdn.flashtalking.com/pageFold/ftpagefold_v4.7.2.js, line 1: TypeError: b.parent is null
JavaScript error: https://cdn.flashtalking.com/pageFold/ftpagefold_v4.7.2.js, line 1: TypeError: b.parent is null
JavaScript error: https://cdn.flashtalking.com/pageFold/ftpagefold_v4.7.2.js, line 1: TypeError: b.parent is null
1540254397118	mozrunner::runner	INFO	Running command: "/Applications/Firefox.app/Contents/MacOS/firefox-bin" "-marionette" "-foreground" "-no-remote" "-profile" "/var/folders/b9/n_fvvmc95clfd6qskztntdp40000gn/T/rust_mozprofile.mi10sSTg0COn"
2018-10-22 19:26:39.005 plugin-container[19133:678123] *** CFMessagePort: bootstrap_register(): failed 1100 (0x44c) 'Permission denied', port = 0x8947, name = 'com.apple.tsm.portname'
See /usr/include/servers/bootstrap_defs.h for the error codes.
2018-10-22 19:26:39.284 plugin-container[19133:678123] *** CFMessagePort: bootstrap_register(): failed 1100 (0x44c) 'Permission denied', port = 0x76a3, name = 'com.apple.coredrag'
See /usr/include/servers/bootstrap_defs.h for the error codes.
2018-10-22 19:26:39.353 plugin-container[19134:678145] *** CFMessagePort: bootstrap_register(): failed 1100 (0x44c) 'Permission denied', port = 0x7743, name = 'com.apple.tsm.portname'
See /usr/include/servers/bootstrap_defs.h for the error codes.
2018-10-22 19:26:39.457 plugin-container[19134:678145] *** CFMessagePort: bootstrap_register(): failed 1100 (0x44c) 'Permission denied', port = 0x7723, name = 'com.apple.coredrag'
See /usr/include/servers/bootstrap_defs.h for the error codes.
1540254399637	Marionette	INFO	Listening on port 58284
1540254399699	Marionette	WARN	TLS certificate errors will be ignored for this session
1540254399741	Marionette	DEBUG	[4294967297] Frame script loaded
1540254399775	Marionette	DEBUG	[4294967297] Frame script registered
1540254399851	Marionette	DEBUG	[4294967297] Received DOM event beforeunload for about:blank
2018-10-22 19:26:40.080 plugin-container[19135:678294] *** CFMessagePort: bootstrap_register(): failed 1100 (0x44c) 'Permission denied', port = 0x7207, name = 'com.apple.tsm.portname'
See /usr/include/servers/bootstrap_defs.h for the error codes.
1540254400136	Marionette	DEBUG	[4294967297] Received DOM event pagehide for about:blank
2018-10-22 19:26:40.194 plugin-container[19135:678294] *** CFMessagePort: bootstrap_register(): failed 1100 (0x44c) 'Permission denied', port = 0x729f, name = 'com.apple.coredrag'
See /usr/include/servers/bootstrap_defs.h for the error codes.
1540254400572	Marionette	DEBUG	[4294967297] Received DOM event DOMContentLoaded for http://fantasy.espn.com/hockey/team?leagueId=59174507&teamId=2&seasonId=2019
1540254402243	Marionette	DEBUG	[4294967297] Received DOM event pageshow for http://fantasy.espn.com/hockey/team?leagueId=59174507&teamId=2&seasonId=2019
JavaScript error: https://cdn.flashtalking.com/pageFold/ftpagefold_v4.7.2.js, line 1: TypeError: b.parent is null
JavaScript error: https://cdn.flashtalking.com/pageFold/ftpagefold_v4.7.2.js, line 1: TypeError: b.parent is null
JavaScript warning: https://www.googletagmanager.com/gtag/js?id=AW-817714641, line 75: unreachable code after return statement
JavaScript warning: https://www.googletagmanager.com/gtag/js?id=AW-817714641, line 124: unreachable code after return statement
JavaScript warning: https://www.googletagmanager.com/gtag/js?id=AW-817714641, line 124: unreachable code after return statement
JavaScript warning: https://www.googletagmanager.com/gtag/js?id=AW-817714641, line 75: unreachable code after return statement
1540254472050	mozrunner::runner	INFO	Running command: "/Applications/Firefox.app/Contents/MacOS/firefox-bin" "-marionette" "-foreground" "-no-remote" "-profile" "/var/folders/b9/n_fvvmc95clfd6qskztntdp40000gn/T/rust_mozprofile.Y1o3mQNvX2gm"
2018-10-22 19:27:54.192 plugin-container[19161:680677] *** CFMessagePort: bootstrap_register(): failed 1100 (0x44c) 'Permission denied', port = 0x7a0b, name = 'com.apple.tsm.portname'
See /usr/include/servers/bootstrap_defs.h for the error codes.
JavaScript error: https://cdn.flashtalking.com/pageFold/ftpagefold_v4.7.2.js, line 1: TypeError: b.parent is null
2018-10-22 19:27:54.647 plugin-container[19161:680677] *** CFMessagePort: bootstrap_register(): failed 1100 (0x44c) 'Permission denied', port = 0x7a2f, name = 'com.apple.coredrag'
See /usr/include/servers/bootstrap_defs.h for the error codes.
2018-10-22 19:27:54.764 plugin-container[19162:680708] *** CFMessagePort: bootstrap_register(): failed 1100 (0x44c) 'Permission denied', port = 0x8c43, name = 'com.apple.tsm.portname'
See /usr/include/servers/bootstrap_defs.h for the error codes.
2018-10-22 19:27:55.045 plugin-container[19162:680708] *** CFMessagePort: bootstrap_register(): failed 1100 (0x44c) 'Permission denied', port = 0x8cbf, name = 'com.apple.coredrag'
See /usr/include/servers/bootstrap_defs.h for the error codes.
1540254475340	Marionette	INFO	Listening on port 58492
1540254475398	Marionette	WARN	TLS certificate errors will be ignored for this session
1540254475460	Marionette	DEBUG	[4294967297] Frame script loaded
1540254475466	Marionette	DEBUG	[4294967297] Frame script registered
1540254475519	Marionette	DEBUG	[4294967297] Received DOM event beforeunload for about:blank
2018-10-22 19:27:55.527 plugin-container[19163:680853] *** CFMessagePort: bootstrap_register(): failed 1100 (0x44c) 'Permission denied', port = 0x8f43, name = 'com.apple.tsm.portname'
See /usr/include/servers/bootstrap_defs.h for the error codes.
JavaScript error: https://cdn.flashtalking.com/pageFold/ftpagefold_v4.7.2.js, line 1: TypeError: b.parent is null
2018-10-22 19:27:55.699 plugin-container[19163:680853] *** CFMessagePort: bootstrap_register(): failed 1100 (0x44c) 'Permission denied', port = 0x8fbf, name = 'com.apple.coredrag'
See /usr/include/servers/bootstrap_defs.h for the error codes.
1540254475760	Marionette	DEBUG	[4294967297] Received DOM event pagehide for about:blank
1540254476282	Marionette	DEBUG	[4294967297] Received DOM event DOMContentLoaded for http://fantasy.espn.com/hockey/team?leagueId=59174507&teamId=2&seasonId=2019
1540254477499	Marionette	DEBUG	[4294967297] Received DOM event pageshow for http://fantasy.espn.com/hockey/team?leagueId=59174507&teamId=2&seasonId=2019
1540254477584	Marionette	INFO	Stopped listening on port 58492
1540254480453	Marionette	INFO	Stopped listening on port 58284
JavaScript error: https://cdn.flashtalking.com/pageFold/ftpagefold_v4.7.2.js, line 1: TypeError: b.parent is null
JavaScript error: https://cdn.flashtalking.com/pageFold/ftpagefold_v4.7.2.js, line 1: TypeError: b.parent is null
1540254517048	mozrunner::runner	INFO	Running command: "/Applications/Firefox.app/Contents/MacOS/firefox-bin" "-marionette" "-foreground" "-no-remote" "-profile" "/var/folders/b9/n_fvvmc95clfd6qskztntdp40000gn/T/rust_mozprofile.oLNv8hqIdEhs"
2018-10-22 19:28:38.584 plugin-container[19188:682504] *** CFMessagePort: bootstrap_register(): failed 1100 (0x44c) 'Permission denied', port = 0x8303, name = 'com.apple.tsm.portname'
See /usr/include/servers/bootstrap_defs.h for the error codes.
2018-10-22 19:28:38.696 plugin-container[19188:682504] *** CFMessagePort: bootstrap_register(): failed 1100 (0x44c) 'Permission denied', port = 0x833f, name = 'com.apple.coredrag'
See /usr/include/servers/bootstrap_defs.h for the error codes.
2018-10-22 19:28:38.872 plugin-container[19189:682531] *** CFMessagePort: bootstrap_register(): failed 1100 (0x44c) 'Permission denied', port = 0x803f, name = 'com.apple.tsm.portname'
See /usr/include/servers/bootstrap_defs.h for the error codes.
2018-10-22 19:28:38.975 plugin-container[19189:682531] *** CFMessagePort: bootstrap_register(): failed 1100 (0x44c) 'Permission denied', port = 0x801b, name = 'com.apple.coredrag'
See /usr/include/servers/bootstrap_defs.h for the error codes.
1540254519101	Marionette	INFO	Listening on port 58579
1540254519151	Marionette	WARN	TLS certificate errors will be ignored for this session
1540254519199	Marionette	DEBUG	[4294967297] Frame script loaded
1540254519200	Marionette	DEBUG	[4294967297] Frame script registered
1540254519228	Marionette	DEBUG	[4294967297] Received DOM event beforeunload for about:blank
1540254519539	Marionette	DEBUG	[4294967297] Received DOM event pagehide for about:blank
2018-10-22 19:28:39.621 plugin-container[19190:682691] *** CFMessagePort: bootstrap_register(): failed 1100 (0x44c) 'Permission denied', port = 0x763f, name = 'com.apple.tsm.portname'
See /usr/include/servers/bootstrap_defs.h for the error codes.
2018-10-22 19:28:39.718 plugin-container[19190:682691] *** CFMessagePort: bootstrap_register(): failed 1100 (0x44c) 'Permission denied', port = 0x76d7, name = 'com.apple.coredrag'
See /usr/include/servers/bootstrap_defs.h for the error codes.
1540254519781	Marionette	DEBUG	[4294967297] Received DOM event DOMContentLoaded for http://fantasy.espn.com/hockey/team?leagueId=59174507&teamId=2&seasonId=2019
1540254521612	Marionette	DEBUG	[4294967297] Received DOM event pageshow for http://fantasy.espn.com/hockey/team?leagueId=59174507&teamId=2&seasonId=2019
1540254521630	Marionette	INFO	Stopped listening on port 58579
JavaScript error: https://cdn.flashtalking.com/pageFold/ftpagefold_v4.7.2.js, line 1: TypeError: b.parent is null
JavaScript error: https://cdn.flashtalking.com/pageFold/ftpagefold_v4.7.2.js, line 1: TypeError: b.parent is null
JavaScript error: https://cdn.flashtalking.com/pageFold/ftpagefold_v4.7.2.js, line 1: TypeError: b.parent is null
JavaScript error: https://cdn.flashtalking.com/pageFold/ftpagefold_v4.7.2.js, line 1: TypeError: b.parent is null
JavaScript error: https://cdn.flashtalking.com/pageFold/ftpagefold_v4.7.2.js, line 1: TypeError: b.parent is null
Handler function NetworkEventActorProxy.addSecurityInfo threw an exception: [Exception... "Component not initialized"  nsresult: "0xc1f30001 (NS_ERROR_NOT_INITIALIZED)"  location: "JS frame :: resource://devtools/shared/base-loader.js -> resource://devtools/shared/webconsole/network-monitor.js :: NetworkEventActorProxy.methodFactory/< :: line 1888"  data: no]
Stack: NetworkEventActorProxy.methodFactory/<@resource://devtools/shared/base-loader.js -> resource://devtools/shared/webconsole/network-monitor.js:1888:5
exports.makeInfallible/<@resource://devtools/shared/base-loader.js -> resource://devtools/shared/ThreadSafeDevToolsUtils.js:109:14
NetworkResponseListener.prototype._getSecurityInfo<@resource://devtools/shared/base-loader.js -> resource://devtools/shared/webconsole/network-monitor.js:519:5
exports.makeInfallible/<@resource://devtools/shared/base-loader.js -> resource://devtools/shared/ThreadSafeDevToolsUtils.js:109:14
onStartRequest@resource://devtools/shared/base-loader.js -> resource://devtools/shared/webconsole/network-monitor.js:439:5
Line: 1888, column: 0
console.error: "Handler function NetworkEventActorProxy.addSecurityInfo threw an exception: [Exception... \"Component not initialized\"  nsresult: \"0xc1f30001 (NS_ERROR_NOT_INITIALIZED)\"  location: \"JS frame :: resource://devtools/shared/base-loader.js -> resource://devtools/shared/webconsole/network-monitor.js :: NetworkEventActorProxy.methodFactory/< :: line 1888\"  data: no]\nStack: NetworkEventActorProxy.methodFactory/<@resource://devtools/shared/base-loader.js -> resource://devtools/shared/webconsole/network-monitor.js:1888:5\nexports.makeInfallible/<@resource://devtools/shared/base-loader.js -> resource://devtools/shared/ThreadSafeDevToolsUtils.js:109:14\nNetworkResponseListener.prototype._getSecurityInfo<@resource://devtools/shared/base-loader.js -> resource://devtools/shared/webconsole/network-monitor.js:519:5\nexports.makeInfallible/<@resource://devtools/shared/base-loader.js -> resource://devtools/shared/ThreadSafeDevToolsUtils.js:109:14\nonStartRequest@resource://devtools/shared/base-loader.js -> resource://devtools/shared/webconsole/network-monitor.js:439:5\nLine: 1888, column: 0"
Handler function NetworkEventActorProxy.addSecurityInfo threw an exception: [Exception... "Component not initialized"  nsresult: "0xc1f30001 (NS_ERROR_NOT_INITIALIZED)"  location: "JS frame :: resource://devtools/shared/base-loader.js -> resource://devtools/shared/webconsole/network-monitor.js :: NetworkEventActorProxy.methodFactory/< :: line 1888"  data: no]
Stack: NetworkEventActorProxy.methodFactory/<@resource://devtools/shared/base-loader.js -> resource://devtools/shared/webconsole/network-monitor.js:1888:5
exports.makeInfallible/<@resource://devtools/shared/base-loader.js -> resource://devtools/shared/ThreadSafeDevToolsUtils.js:109:14
NetworkResponseListener.prototype._getSecurityInfo<@resource://devtools/shared/base-loader.js -> resource://devtools/shared/webconsole/network-monitor.js:519:5
exports.makeInfallible/<@resource://devtools/shared/base-loader.js -> resource://devtools/shared/ThreadSafeDevToolsUtils.js:109:14
onStartRequest@resource://devtools/shared/base-loader.js -> resource://devtools/shared/webconsole/network-monitor.js:439:5
Line: 1888, column: 0
console.error: "Handler function NetworkEventActorProxy.addSecurityInfo threw an exception: [Exception... \"Component not initialized\"  nsresult: \"0xc1f30001 (NS_ERROR_NOT_INITIALIZED)\"  location: \"JS frame :: resource://devtools/shared/base-loader.js -> resource://devtools/shared/webconsole/network-monitor.js :: NetworkEventActorProxy.methodFactory/< :: line 1888\"  data: no]\nStack: NetworkEventActorProxy.methodFactory/<@resource://devtools/shared/base-loader.js -> resource://devtools/shared/webconsole/network-monitor.js:1888:5\nexports.makeInfallible/<@resource://devtools/shared/base-loader.js -> resource://devtools/shared/ThreadSafeDevToolsUtils.js:109:14\nNetworkResponseListener.prototype._getSecurityInfo<@resource://devtools/shared/base-loader.js -> resource://devtools/shared/webconsole/network-monitor.js:519:5\nexports.makeInfallible/<@resource://devtools/shared/base-loader.js -> resource://devtools/shared/ThreadSafeDevToolsUtils.js:109:14\nonStartRequest@resource://devtools/shared/base-loader.js -> resource://devtools/shared/webconsole/network-monitor.js:439:5\nLine: 1888, column: 0"
Handler function NetworkEventActorProxy.addResponseContent threw an exception: [Exception... "Component not initialized"  nsresult: "0xc1f30001 (NS_ERROR_NOT_INITIALIZED)"  location: "JS frame :: resource://devtools/shared/base-loader.js -> resource://devtools/shared/webconsole/network-monitor.js :: NetworkEventActorProxy.methodFactory/< :: line 1888"  data: no]
Stack: NetworkEventActorProxy.methodFactory/<@resource://devtools/shared/base-loader.js -> resource://devtools/shared/webconsole/network-monitor.js:1888:5
exports.makeInfallible/<@resource://devtools/shared/base-loader.js -> resource://devtools/shared/ThreadSafeDevToolsUtils.js:109:14
_onComplete@resource://devtools/shared/base-loader.js -> resource://devtools/shared/webconsole/network-monitor.js:664:5
onStreamClose@resource://devtools/shared/base-loader.js -> resource://devtools/shared/webconsole/network-monitor.js:613:7
onInputStreamReady@resource://devtools/shared/base-loader.js -> resource://devtools/shared/webconsole/network-monitor.js:715:7
Line: 1888, column: 0
console.error: "Handler function NetworkEventActorProxy.addResponseContent threw an exception: [Exception... \"Component not initialized\"  nsresult: \"0xc1f30001 (NS_ERROR_NOT_INITIALIZED)\"  location: \"JS frame :: resource://devtools/shared/base-loader.js -> resource://devtools/shared/webconsole/network-monitor.js :: NetworkEventActorProxy.methodFactory/< :: line 1888\"  data: no]\nStack: NetworkEventActorProxy.methodFactory/<@resource://devtools/shared/base-loader.js -> resource://devtools/shared/webconsole/network-monitor.js:1888:5\nexports.makeInfallible/<@resource://devtools/shared/base-loader.js -> resource://devtools/shared/ThreadSafeDevToolsUtils.js:109:14\n_onComplete@resource://devtools/shared/base-loader.js -> resource://devtools/shared/webconsole/network-monitor.js:664:5\nonStreamClose@resource://devtools/shared/base-loader.js -> resource://devtools/shared/webconsole/network-monitor.js:613:7\nonInputStreamReady@resource://devtools/shared/base-loader.js -> resource://devtools/shared/webconsole/network-monitor.js:715:7\nLine: 1888, column: 0"
Handler function NetworkEventActorProxy.addResponseContent threw an exception: [Exception... "Component not initialized"  nsresult: "0xc1f30001 (NS_ERROR_NOT_INITIALIZED)"  location: "JS frame :: resource://devtools/shared/base-loader.js -> resource://devtools/shared/webconsole/network-monitor.js :: NetworkEventActorProxy.methodFactory/< :: line 1888"  data: no]
Stack: NetworkEventActorProxy.methodFactory/<@resource://devtools/shared/base-loader.js -> resource://devtools/shared/webconsole/network-monitor.js:1888:5
exports.makeInfallible/<@resource://devtools/shared/base-loader.js -> resource://devtools/shared/ThreadSafeDevToolsUtils.js:109:14
_onComplete@resource://devtools/shared/base-loader.js -> resource://devtools/shared/webconsole/network-monitor.js:664:5
onStreamClose@resource://devtools/shared/base-loader.js -> resource://devtools/shared/webconsole/network-monitor.js:613:7
onInputStreamReady@resource://devtools/shared/base-loader.js -> resource://devtools/shared/webconsole/network-monitor.js:715:7
Line: 1888, column: 0
console.error: "Handler function NetworkEventActorProxy.addResponseContent threw an exception: [Exception... \"Component not initialized\"  nsresult: \"0xc1f30001 (NS_ERROR_NOT_INITIALIZED)\"  location: \"JS frame :: resource://devtools/shared/base-loader.js -> resource://devtools/shared/webconsole/network-monitor.js :: NetworkEventActorProxy.methodFactory/< :: line 1888\"  data: no]\nStack: NetworkEventActorProxy.methodFactory/<@resource://devtools/shared/base-loader.js -> resource://devtools/shared/webconsole/network-monitor.js:1888:5\nexports.makeInfallible/<@resource://devtools/shared/base-loader.js -> resource://devtools/shared/ThreadSafeDevToolsUtils.js:109:14\n_onComplete@resource://devtools/shared/base-loader.js -> resource://devtools/shared/webconsole/network-monitor.js:664:5\nonStreamClose@resource://devtools/shared/base-loader.js -> resource://devtools/shared/webconsole/network-monitor.js:613:7\nonInputStreamReady@resource://devtools/shared/base-loader.js -> resource://devtools/shared/webconsole/network-monitor.js:715:7\nLine: 1888, column: 0"
JavaScript error: https://cdn.flashtalking.com/pageFold/ftpagefold_v4.7.2.js, line 1: TypeError: b.parent is null
Handler function NetworkEventActorProxy.addSecurityInfo threw an exception: [Exception... "Component not initialized"  nsresult: "0xc1f30001 (NS_ERROR_NOT_INITIALIZED)"  location: "JS frame :: resource://devtools/shared/base-loader.js -> resource://devtools/shared/webconsole/network-monitor.js :: NetworkEventActorProxy.methodFactory/< :: line 1888"  data: no]
Stack: NetworkEventActorProxy.methodFactory/<@resource://devtools/shared/base-loader.js -> resource://devtools/shared/webconsole/network-monitor.js:1888:5
exports.makeInfallible/<@resource://devtools/shared/base-loader.js -> resource://devtools/shared/ThreadSafeDevToolsUtils.js:109:14
NetworkResponseListener.prototype._getSecurityInfo<@resource://devtools/shared/base-loader.js -> resource://devtools/shared/webconsole/network-monitor.js:519:5
exports.makeInfallible/<@resource://devtools/shared/base-loader.js -> resource://devtools/shared/ThreadSafeDevToolsUtils.js:109:14
onStartRequest@resource://devtools/shared/base-loader.js -> resource://devtools/shared/webconsole/network-monitor.js:439:5
Line: 1888, column: 0
console.error: "Handler function NetworkEventActorProxy.addSecurityInfo threw an exception: [Exception... \"Component not initialized\"  nsresult: \"0xc1f30001 (NS_ERROR_NOT_INITIALIZED)\"  location: \"JS frame :: resource://devtools/shared/base-loader.js -> resource://devtools/shared/webconsole/network-monitor.js :: NetworkEventActorProxy.methodFactory/< :: line 1888\"  data: no]\nStack: NetworkEventActorProxy.methodFactory/<@resource://devtools/shared/base-loader.js -> resource://devtools/shared/webconsole/network-monitor.js:1888:5\nexports.makeInfallible/<@resource://devtools/shared/base-loader.js -> resource://devtools/shared/ThreadSafeDevToolsUtils.js:109:14\nNetworkResponseListener.prototype._getSecurityInfo<@resource://devtools/shared/base-loader.js -> resource://devtools/shared/webconsole/network-monitor.js:519:5\nexports.makeInfallible/<@resource://devtools/shared/base-loader.js -> resource://devtools/shared/ThreadSafeDevToolsUtils.js:109:14\nonStartRequest@resource://devtools/shared/base-loader.js -> resource://devtools/shared/webconsole/network-monitor.js:439:5\nLine: 1888, column: 0"
Handler function NetworkEventActorProxy.addResponseContent threw an exception: [Exception... "Component not initialized"  nsresult: "0xc1f30001 (NS_ERROR_NOT_INITIALIZED)"  location: "JS frame :: resource://devtools/shared/base-loader.js -> resource://devtools/shared/webconsole/network-monitor.js :: NetworkEventActorProxy.methodFactory/< :: line 1888"  data: no]
Stack: NetworkEventActorProxy.methodFactory/<@resource://devtools/shared/base-loader.js -> resource://devtools/shared/webconsole/network-monitor.js:1888:5
exports.makeInfallible/<@resource://devtools/shared/base-loader.js -> resource://devtools/shared/ThreadSafeDevToolsUtils.js:109:14
_onComplete@resource://devtools/shared/base-loader.js -> resource://devtools/shared/webconsole/network-monitor.js:664:5
onStreamClose@resource://devtools/shared/base-loader.js -> resource://devtools/shared/webconsole/network-monitor.js:621:7
onInputStreamReady@resource://devtools/shared/base-loader.js -> resource://devtools/shared/webconsole/network-monitor.js:715:7
Line: 1888, column: 0
console.error: "Handler function NetworkEventActorProxy.addResponseContent threw an exception: [Exception... \"Component not initialized\"  nsresult: \"0xc1f30001 (NS_ERROR_NOT_INITIALIZED)\"  location: \"JS frame :: resource://devtools/shared/base-loader.js -> resource://devtools/shared/webconsole/network-monitor.js :: NetworkEventActorProxy.methodFactory/< :: line 1888\"  data: no]\nStack: NetworkEventActorProxy.methodFactory/<@resource://devtools/shared/base-loader.js -> resource://devtools/shared/webconsole/network-monitor.js:1888:5\nexports.makeInfallible/<@resource://devtools/shared/base-loader.js -> resource://devtools/shared/ThreadSafeDevToolsUtils.js:109:14\n_onComplete@resource://devtools/shared/base-loader.js -> resource://devtools/shared/webconsole/network-monitor.js:664:5\nonStreamClose@resource://devtools/shared/base-loader.js -> resource://devtools/shared/webconsole/network-monitor.js:621:7\nonInputStreamReady@resource://devtools/shared/base-loader.js -> resource://devtools/shared/webconsole/network-monitor.js:715:7\nLine: 1888, column: 0"
1540259232019	mozrunner::runner	INFO	Running command: "/Applications/Firefox.app/Contents/MacOS/firefox-bin" "-marionette" "-foreground" "-no-remote" "-profile" "/var/folders/b9/n_fvvmc95clfd6qskztntdp40000gn/T/rust_mozprofile.v7ILIknzkz7u"
2018-10-22 20:47:13.434 plugin-container[19245:694213] *** CFMessagePort: bootstrap_register(): failed 1100 (0x44c) 'Permission denied', port = 0x8337, name = 'com.apple.tsm.portname'
See /usr/include/servers/bootstrap_defs.h for the error codes.
2018-10-22 20:47:13.650 plugin-container[19245:694213] *** CFMessagePort: bootstrap_register(): failed 1100 (0x44c) 'Permission denied', port = 0x83af, name = 'com.apple.coredrag'
See /usr/include/servers/bootstrap_defs.h for the error codes.
2018-10-22 20:47:13.723 plugin-container[19246:694238] *** CFMessagePort: bootstrap_register(): failed 1100 (0x44c) 'Permission denied', port = 0x8943, name = 'com.apple.tsm.portname'
See /usr/include/servers/bootstrap_defs.h for the error codes.
2018-10-22 20:47:13.829 plugin-container[19246:694238] *** CFMessagePort: bootstrap_register(): failed 1100 (0x44c) 'Permission denied', port = 0x89db, name = 'com.apple.coredrag'
See /usr/include/servers/bootstrap_defs.h for the error codes.
1540259234021	Marionette	INFO	Listening on port 58862
1540259234055	Marionette	WARN	TLS certificate errors will be ignored for this session
1540259234097	Marionette	DEBUG	[4294967297] Frame script loaded
1540259234125	Marionette	DEBUG	[4294967297] Frame script registered
1540259234149	Marionette	DEBUG	[4294967297] Received DOM event beforeunload for about:blank
1540259234313	Marionette	DEBUG	[4294967297] Received DOM event pagehide for about:blank
2018-10-22 20:47:14.463 plugin-container[19247:694360] *** CFMessagePort: bootstrap_register(): failed 1100 (0x44c) 'Permission denied', port = 0x873f, name = 'com.apple.tsm.portname'
See /usr/include/servers/bootstrap_defs.h for the error codes.
2018-10-22 20:47:14.547 plugin-container[19247:694360] *** CFMessagePort: bootstrap_register(): failed 1100 (0x44c) 'Permission denied', port = 0x8753, name = 'com.apple.coredrag'
See /usr/include/servers/bootstrap_defs.h for the error codes.
1540259234975	Marionette	DEBUG	[4294967297] Received DOM event DOMContentLoaded for http://fantasy.espn.com/hockey/team?leagueId=59174507&teamId=2&seasonId=2019
1540259237566	Marionette	DEBUG	[4294967297] Received DOM event pageshow for http://fantasy.espn.com/hockey/team?leagueId=59174507&teamId=2&seasonId=2019
JavaScript warning: https://www.googletagmanager.com/gtag/js?id=AW-817714641, line 75: unreachable code after return statement
JavaScript warning: https://www.googletagmanager.com/gtag/js?id=AW-817714641, line 124: unreachable code after return statement
JavaScript warning: https://www.googletagmanager.com/gtag/js?id=AW-817714641, line 124: unreachable code after return statement
JavaScript warning: https://www.googletagmanager.com/gtag/js?id=AW-817714641, line 75: unreachable code after return statement
JavaScript warning: https://www.googletagmanager.com/gtag/js?id=AW-817714641, line 124: unreachable code after return statement
JavaScript warning: https://www.googletagmanager.com/gtag/js?id=AW-817714641, line 75: unreachable code after return statement
JavaScript warning: https://www.googletagmanager.com/gtag/js?id=AW-817714641, line 124: unreachable code after return statement
JavaScript warning: https://www.googletagmanager.com/gtag/js?id=AW-817714641, line 124: unreachable code after return statement
JavaScript warning: https://www.googletagmanager.com/gtag/js?id=AW-817714641, line 75: unreachable code after return statement
JavaScript warning: https://www.googletagmanager.com/gtag/js?id=AW-817714641, line 75: unreachable code after return statement
JavaScript warning: https://www.googletagmanager.com/gtag/js?id=AW-817714641, line 124: unreachable code after return statement
JavaScript warning: https://www.googletagmanager.com/gtag/js?id=AW-817714641, line 124: unreachable code after return statement
JavaScript warning: https://www.googletagmanager.com/gtag/js?id=AW-817714641, line 75: unreachable code after return statement
JavaScript warning: https://www.googletagmanager.com/gtag/js?id=AW-817714641, line 75: unreachable code after return statement
JavaScript warning: https://www.googletagmanager.com/gtag/js?id=AW-817714641, line 124: unreachable code after return statement
JavaScript warning: https://www.googletagmanager.com/gtag/js?id=AW-817714641, line 124: unreachable code after return statement
JavaScript warning: https://www.googletagmanager.com/gtag/js?id=AW-817714641, line 75: unreachable code after return statement
JavaScript error: resource://devtools/client/jsonview/converter-observer.js, line 74: NS_ERROR_NOT_AVAILABLE: Component returned failure code: 0x80040111 (NS_ERROR_NOT_AVAILABLE) [nsIChannel.contentType]
2018-10-22 20:56:27.716 plugin-container[19296:708125] *** CFMessagePort: bootstrap_register(): failed 1100 (0x44c) 'Permission denied', port = 0x8a07, name = 'com.apple.tsm.portname'
See /usr/include/servers/bootstrap_defs.h for the error codes.
2018-10-22 20:56:27.995 plugin-container[19296:708125] *** CFMessagePort: bootstrap_register(): failed 1100 (0x44c) 'Permission denied', port = 0x268b, name = 'com.apple.coredrag'
See /usr/include/servers/bootstrap_defs.h for the error codes.
2018-10-22 20:56:36.003 firefox-bin[19244:693987] IMKInputSession [0x1222544c0 presentFunctionRowItemTextInputViewWithEndpoint:completionHandler:] : [self textInputContext]=0x1262e0e20 *NO* NSRemoteViewController to client, NSError=Error Domain=NSCocoaErrorDomain Code=4097 "connection from pid 0" UserInfo={NSDebugDescription=connection from pid 0}, com.apple.inputmethod.EmojiFunctionRowItem
1540260505572	mozrunner::runner	INFO	Running command: "/Applications/Firefox.app/Contents/MacOS/firefox-bin" "-marionette" "-foreground" "-no-remote" "-profile" "/var/folders/b9/n_fvvmc95clfd6qskztntdp40000gn/T/rust_mozprofile.4ni02tM6Mwu9"
2018-10-22 21:08:27.362 plugin-container[19409:728978] *** CFMessagePort: bootstrap_register(): failed 1100 (0x44c) 'Permission denied', port = 0x843f, name = 'com.apple.tsm.portname'
See /usr/include/servers/bootstrap_defs.h for the error codes.
2018-10-22 21:08:27.594 plugin-container[19409:728978] *** CFMessagePort: bootstrap_register(): failed 1100 (0x44c) 'Permission denied', port = 0x8423, name = 'com.apple.coredrag'
See /usr/include/servers/bootstrap_defs.h for the error codes.
2018-10-22 21:08:27.662 plugin-container[19410:729003] *** CFMessagePort: bootstrap_register(): failed 1100 (0x44c) 'Permission denied', port = 0x6937, name = 'com.apple.tsm.portname'
See /usr/include/servers/bootstrap_defs.h for the error codes.
2018-10-22 21:08:27.765 plugin-container[19410:729003] *** CFMessagePort: bootstrap_register(): failed 1100 (0x44c) 'Permission denied', port = 0x693f, name = 'com.apple.coredrag'
See /usr/include/servers/bootstrap_defs.h for the error codes.
1540260507981	Marionette	INFO	Listening on port 59779
1540260508035	Marionette	WARN	TLS certificate errors will be ignored for this session
1540260508081	Marionette	DEBUG	[4294967297] Frame script loaded
1540260508083	Marionette	DEBUG	[4294967297] Frame script registered
1540260508184	Marionette	DEBUG	[4294967297] Received DOM event beforeunload for about:blank
2018-10-22 21:08:28.441 plugin-container[19411:729155] *** CFMessagePort: bootstrap_register(): failed 1100 (0x44c) 'Permission denied', port = 0x8507, name = 'com.apple.tsm.portname'
See /usr/include/servers/bootstrap_defs.h for the error codes.
2018-10-22 21:08:28.538 plugin-container[19411:729155] *** CFMessagePort: bootstrap_register(): failed 1100 (0x44c) 'Permission denied', port = 0x859b, name = 'com.apple.coredrag'
See /usr/include/servers/bootstrap_defs.h for the error codes.
1540260508656	Marionette	DEBUG	[4294967297] Received DOM event pagehide for about:blank
1540260509561	Marionette	DEBUG	[4294967297] Received DOM event DOMContentLoaded for http://fantasy.espn.com/hockey/team?leagueId=59174507&teamId=2&seasonId=2019
1540260511898	Marionette	DEBUG	[4294967297] Received DOM event pageshow for http://fantasy.espn.com/hockey/team?leagueId=59174507&teamId=2&seasonId=2019
JavaScript warning: https://www.googletagmanager.com/gtag/js?id=AW-817714641, line 75: unreachable code after return statement
JavaScript warning: https://www.googletagmanager.com/gtag/js?id=AW-817714641, line 124: unreachable code after return statement
JavaScript warning: https://www.googletagmanager.com/gtag/js?id=AW-817714641, line 124: unreachable code after return statement
JavaScript warning: https://www.googletagmanager.com/gtag/js?id=AW-817714641, line 75: unreachable code after return statement
Handler function NetworkEventActorProxy.addSecurityInfo threw an exception: [Exception... "Component not initialized"  nsresult: "0xc1f30001 (NS_ERROR_NOT_INITIALIZED)"  location: "JS frame :: resource://devtools/shared/base-loader.js -> resource://devtools/shared/webconsole/network-monitor.js :: NetworkEventActorProxy.methodFactory/< :: line 1888"  data: no]
Stack: NetworkEventActorProxy.methodFactory/<@resource://devtools/shared/base-loader.js -> resource://devtools/shared/webconsole/network-monitor.js:1888:5
exports.makeInfallible/<@resource://devtools/shared/base-loader.js -> resource://devtools/shared/ThreadSafeDevToolsUtils.js:109:14
NetworkResponseListener.prototype._getSecurityInfo<@resource://devtools/shared/base-loader.js -> resource://devtools/shared/webconsole/network-monitor.js:519:5
exports.makeInfallible/<@resource://devtools/shared/base-loader.js -> resource://devtools/shared/ThreadSafeDevToolsUtils.js:109:14
onStartRequest@resource://devtools/shared/base-loader.js -> resource://devtools/shared/webconsole/network-monitor.js:439:5
Line: 1888, column: 0
console.error: "Handler function NetworkEventActorProxy.addSecurityInfo threw an exception: [Exception... \"Component not initialized\"  nsresult: \"0xc1f30001 (NS_ERROR_NOT_INITIALIZED)\"  location: \"JS frame :: resource://devtools/shared/base-loader.js -> resource://devtools/shared/webconsole/network-monitor.js :: NetworkEventActorProxy.methodFactory/< :: line 1888\"  data: no]\nStack: NetworkEventActorProxy.methodFactory/<@resource://devtools/shared/base-loader.js -> resource://devtools/shared/webconsole/network-monitor.js:1888:5\nexports.makeInfallible/<@resource://devtools/shared/base-loader.js -> resource://devtools/shared/ThreadSafeDevToolsUtils.js:109:14\nNetworkResponseListener.prototype._getSecurityInfo<@resource://devtools/shared/base-loader.js -> resource://devtools/shared/webconsole/network-monitor.js:519:5\nexports.makeInfallible/<@resource://devtools/shared/base-loader.js -> resource://devtools/shared/ThreadSafeDevToolsUtils.js:109:14\nonStartRequest@resource://devtools/shared/base-loader.js -> resource://devtools/shared/webconsole/network-monitor.js:439:5\nLine: 1888, column: 0"
Handler function NetworkEventActorProxy.addSecurityInfo threw an exception: [Exception... "Component not initialized"  nsresult: "0xc1f30001 (NS_ERROR_NOT_INITIALIZED)"  location: "JS frame :: resource://devtools/shared/base-loader.js -> resource://devtools/shared/webconsole/network-monitor.js :: NetworkEventActorProxy.methodFactory/< :: line 1888"  data: no]
Stack: NetworkEventActorProxy.methodFactory/<@resource://devtools/shared/base-loader.js -> resource://devtools/shared/webconsole/network-monitor.js:1888:5
exports.makeInfallible/<@resource://devtools/shared/base-loader.js -> resource://devtools/shared/ThreadSafeDevToolsUtils.js:109:14
NetworkResponseListener.prototype._getSecurityInfo<@resource://devtools/shared/base-loader.js -> resource://devtools/shared/webconsole/network-monitor.js:519:5
exports.makeInfallible/<@resource://devtools/shared/base-loader.js -> resource://devtools/shared/ThreadSafeDevToolsUtils.js:109:14
onStartRequest@resource://devtools/shared/base-loader.js -> resource://devtools/shared/webconsole/network-monitor.js:439:5
Line: 1888, column: 0
console.error: "Handler function NetworkEventActorProxy.addSecurityInfo threw an exception: [Exception... \"Component not initialized\"  nsresult: \"0xc1f30001 (NS_ERROR_NOT_INITIALIZED)\"  location: \"JS frame :: resource://devtools/shared/base-loader.js -> resource://devtools/shared/webconsole/network-monitor.js :: NetworkEventActorProxy.methodFactory/< :: line 1888\"  data: no]\nStack: NetworkEventActorProxy.methodFactory/<@resource://devtools/shared/base-loader.js -> resource://devtools/shared/webconsole/network-monitor.js:1888:5\nexports.makeInfallible/<@resource://devtools/shared/base-loader.js -> resource://devtools/shared/ThreadSafeDevToolsUtils.js:109:14\nNetworkResponseListener.prototype._getSecurityInfo<@resource://devtools/shared/base-loader.js -> resource://devtools/shared/webconsole/network-monitor.js:519:5\nexports.makeInfallible/<@resource://devtools/shared/base-loader.js -> resource://devtools/shared/ThreadSafeDevToolsUtils.js:109:14\nonStartRequest@resource://devtools/shared/base-loader.js -> resource://devtools/shared/webconsole/network-monitor.js:439:5\nLine: 1888, column: 0"
Handler function NetworkEventActorProxy.addResponseContent threw an exception: [Exception... "Component not initialized"  nsresult: "0xc1f30001 (NS_ERROR_NOT_INITIALIZED)"  location: "JS frame :: resource://devtools/shared/base-loader.js -> resource://devtools/shared/webconsole/network-monitor.js :: NetworkEventActorProxy.methodFactory/< :: line 1888"  data: no]
Stack: NetworkEventActorProxy.methodFactory/<@resource://devtools/shared/base-loader.js -> resource://devtools/shared/webconsole/network-monitor.js:1888:5
exports.makeInfallible/<@resource://devtools/shared/base-loader.js -> resource://devtools/shared/ThreadSafeDevToolsUtils.js:109:14
_onComplete@resource://devtools/shared/base-loader.js -> resource://devtools/shared/webconsole/network-monitor.js:664:5
onStreamClose@resource://devtools/shared/base-loader.js -> resource://devtools/shared/webconsole/network-monitor.js:621:7
onInputStreamReady@resource://devtools/shared/base-loader.js -> resource://devtools/shared/webconsole/network-monitor.js:715:7
Line: 1888, column: 0
console.error: "Handler function NetworkEventActorProxy.addResponseContent threw an exception: [Exception... \"Component not initialized\"  nsresult: \"0xc1f30001 (NS_ERROR_NOT_INITIALIZED)\"  location: \"JS frame :: resource://devtools/shared/base-loader.js -> resource://devtools/shared/webconsole/network-monitor.js :: NetworkEventActorProxy.methodFactory/< :: line 1888\"  data: no]\nStack: NetworkEventActorProxy.methodFactory/<@resource://devtools/shared/base-loader.js -> resource://devtools/shared/webconsole/network-monitor.js:1888:5\nexports.makeInfallible/<@resource://devtools/shared/base-loader.js -> resource://devtools/shared/ThreadSafeDevToolsUtils.js:109:14\n_onComplete@resource://devtools/shared/base-loader.js -> resource://devtools/shared/webconsole/network-monitor.js:664:5\nonStreamClose@resource://devtools/shared/base-loader.js -> resource://devtools/shared/webconsole/network-monitor.js:621:7\nonInputStreamReady@resource://devtools/shared/base-loader.js -> resource://devtools/shared/webconsole/network-monitor.js:715:7\nLine: 1888, column: 0"
Handler function NetworkEventActorProxy.addResponseContent threw an exception: [Exception... "Component not initialized"  nsresult: "0xc1f30001 (NS_ERROR_NOT_INITIALIZED)"  location: "JS frame :: resource://devtools/shared/base-loader.js -> resource://devtools/shared/webconsole/network-monitor.js :: NetworkEventActorProxy.methodFactory/< :: line 1888"  data: no]
Stack: NetworkEventActorProxy.methodFactory/<@resource://devtools/shared/base-loader.js -> resource://devtools/shared/webconsole/network-monitor.js:1888:5
exports.makeInfallible/<@resource://devtools/shared/base-loader.js -> resource://devtools/shared/ThreadSafeDevToolsUtils.js:109:14
_onComplete@resource://devtools/shared/base-loader.js -> resource://devtools/shared/webconsole/network-monitor.js:664:5
onStreamClose@resource://devtools/shared/base-loader.js -> resource://devtools/shared/webconsole/network-monitor.js:621:7
onInputStreamReady@resource://devtools/shared/base-loader.js -> resource://devtools/shared/webconsole/network-monitor.js:715:7
Line: 1888, column: 0
console.error: "Handler function NetworkEventActorProxy.addResponseContent threw an exception: [Exception... \"Component not initialized\"  nsresult: \"0xc1f30001 (NS_ERROR_NOT_INITIALIZED)\"  location: \"JS frame :: resource://devtools/shared/base-loader.js -> resource://devtools/shared/webconsole/network-monitor.js :: NetworkEventActorProxy.methodFactory/< :: line 1888\"  data: no]\nStack: NetworkEventActorProxy.methodFactory/<@resource://devtools/shared/base-loader.js -> resource://devtools/shared/webconsole/network-monitor.js:1888:5\nexports.makeInfallible/<@resource://devtools/shared/base-loader.js -> resource://devtools/shared/ThreadSafeDevToolsUtils.js:109:14\n_onComplete@resource://devtools/shared/base-loader.js -> resource://devtools/shared/webconsole/network-monitor.js:664:5\nonStreamClose@resource://devtools/shared/base-loader.js -> resource://devtools/shared/webconsole/network-monitor.js:621:7\nonInputStreamReady@resource://devtools/shared/base-loader.js -> resource://devtools/shared/webconsole/network-monitor.js:715:7\nLine: 1888, column: 0"

###!!! [Child][MessageChannel] Error: (msgtype=0x2E00B1,name=PContent::Msg_ScriptError) Channel closing: too late to send/recv, messages will be lost


###!!! [Child][MessageChannel] Error: (msgtype=0x910006,name=PWebSocket::Msg_DeleteSelf) Channel closing: too late to send/recv, messages will be lost


###!!! [Child][RunMessage] Error: Channel closing: too late to send/recv, messages will be lost


###!!! [Child][RunMessage] Error: Channel closing: too late to send/recv, messages will be lost

1540260550941	Marionette	INFO	Stopped listening on port 58862

###!!! [Parent][RunMessage] Error: Channel closing: too late to send/recv, messages will be lost

JavaScript warning: https://www.googletagmanager.com/gtag/js?id=AW-817714641, line 75: unreachable code after return statement
JavaScript warning: https://www.googletagmanager.com/gtag/js?id=AW-817714641, line 124: unreachable code after return statement
JavaScript warning: https://www.googletagmanager.com/gtag/js?id=AW-817714641, line 124: unreachable code after return statement
JavaScript warning: https://www.googletagmanager.com/gtag/js?id=AW-817714641, line 75: unreachable code after return statement
1540260777361	mozrunner::runner	INFO	Running command: "/Applications/Firefox.app/Contents/MacOS/firefox-bin" "-marionette" "-foreground" "-no-remote" "-profile" "/var/folders/b9/n_fvvmc95clfd6qskztntdp40000gn/T/rust_mozprofile.dO4chAxixTcx"
2018-10-22 21:12:58.893 plugin-container[19460:735741] *** CFMessagePort: bootstrap_register(): failed 1100 (0x44c) 'Permission denied', port = 0x9037, name = 'com.apple.tsm.portname'
See /usr/include/servers/bootstrap_defs.h for the error codes.
2018-10-22 21:12:59.112 plugin-container[19460:735741] *** CFMessagePort: bootstrap_register(): failed 1100 (0x44c) 'Permission denied', port = 0x9007, name = 'com.apple.coredrag'
See /usr/include/servers/bootstrap_defs.h for the error codes.
2018-10-22 21:12:59.262 plugin-container[19461:735763] *** CFMessagePort: bootstrap_register(): failed 1100 (0x44c) 'Permission denied', port = 0x7747, name = 'com.apple.tsm.portname'
See /usr/include/servers/bootstrap_defs.h for the error codes.
2018-10-22 21:12:59.393 plugin-container[19461:735763] *** CFMessagePort: bootstrap_register(): failed 1100 (0x44c) 'Permission denied', port = 0x77df, name = 'com.apple.coredrag'
See /usr/include/servers/bootstrap_defs.h for the error codes.
1540260779539	Marionette	INFO	Listening on port 60183
1540260779598	Marionette	WARN	TLS certificate errors will be ignored for this session
1540260779651	Marionette	DEBUG	[4294967297] Frame script loaded
1540260779660	Marionette	DEBUG	[4294967297] Frame script registered
1540260779696	Marionette	DEBUG	[4294967297] Received DOM event beforeunload for about:blank
1540260779947	Marionette	DEBUG	[4294967297] Received DOM event pagehide for about:blank
2018-10-22 21:13:00.113 plugin-container[19462:735921] *** CFMessagePort: bootstrap_register(): failed 1100 (0x44c) 'Permission denied', port = 0x8643, name = 'com.apple.tsm.portname'
See /usr/include/servers/bootstrap_defs.h for the error codes.
2018-10-22 21:13:00.267 plugin-container[19462:735921] *** CFMessagePort: bootstrap_register(): failed 1100 (0x44c) 'Permission denied', port = 0x7067, name = 'com.apple.coredrag'
See /usr/include/servers/bootstrap_defs.h for the error codes.
1540260780491	Marionette	DEBUG	[4294967297] Received DOM event DOMContentLoaded for http://fantasy.espn.com/hockey/team?leagueId=59174507&teamId=2&seasonId=2019
1540260783253	Marionette	DEBUG	[4294967297] Received DOM event pageshow for http://fantasy.espn.com/hockey/team?leagueId=59174507&teamId=2&seasonId=2019
JavaScript warning: https://www.googletagmanager.com/gtag/js?id=AW-817714641, line 75: unreachable code after return statement
JavaScript warning: https://www.googletagmanager.com/gtag/js?id=AW-817714641, line 124: unreachable code after return statement
JavaScript warning: https://www.googletagmanager.com/gtag/js?id=AW-817714641, line 124: unreachable code after return statement
JavaScript warning: https://www.googletagmanager.com/gtag/js?id=AW-817714641, line 75: unreachable code after return statement
Handler function NetworkEventActorProxy.addResponseContent threw an exception: [Exception... "Component not initialized"  nsresult: "0xc1f30001 (NS_ERROR_NOT_INITIALIZED)"  location: "JS frame :: resource://devtools/shared/base-loader.js -> resource://devtools/shared/webconsole/network-monitor.js :: NetworkEventActorProxy.methodFactory/< :: line 1888"  data: no]
Stack: NetworkEventActorProxy.methodFactory/<@resource://devtools/shared/base-loader.js -> resource://devtools/shared/webconsole/network-monitor.js:1888:5
exports.makeInfallible/<@resource://devtools/shared/base-loader.js -> resource://devtools/shared/ThreadSafeDevToolsUtils.js:109:14
_onComplete@resource://devtools/shared/base-loader.js -> resource://devtools/shared/webconsole/network-monitor.js:664:5
onStreamClose@resource://devtools/shared/base-loader.js -> resource://devtools/shared/webconsole/network-monitor.js:613:7
onInputStreamReady@resource://devtools/shared/base-loader.js -> resource://devtools/shared/webconsole/network-monitor.js:715:7
Line: 1888, column: 0
console.error: "Handler function NetworkEventActorProxy.addResponseContent threw an exception: [Exception... \"Component not initialized\"  nsresult: \"0xc1f30001 (NS_ERROR_NOT_INITIALIZED)\"  location: \"JS frame :: resource://devtools/shared/base-loader.js -> resource://devtools/shared/webconsole/network-monitor.js :: NetworkEventActorProxy.methodFactory/< :: line 1888\"  data: no]\nStack: NetworkEventActorProxy.methodFactory/<@resource://devtools/shared/base-loader.js -> resource://devtools/shared/webconsole/network-monitor.js:1888:5\nexports.makeInfallible/<@resource://devtools/shared/base-loader.js -> resource://devtools/shared/ThreadSafeDevToolsUtils.js:109:14\n_onComplete@resource://devtools/shared/base-loader.js -> resource://devtools/shared/webconsole/network-monitor.js:664:5\nonStreamClose@resource://devtools/shared/base-loader.js -> resource://devtools/shared/webconsole/network-monitor.js:613:7\nonInputStreamReady@resource://devtools/shared/base-loader.js -> resource://devtools/shared/webconsole/network-monitor.js:715:7\nLine: 1888, column: 0"

###!!! [Child][RunMessage] Error: Channel closing: too late to send/recv, messages will be lost


###!!! [Child][MessageChannel] Error: (msgtype=0x2E00B1,name=PContent::Msg_ScriptError) Channel closing: too late to send/recv, messages will be lost


###!!! [Child][MessageChannel] Error: (msgtype=0x910006,name=PWebSocket::Msg_DeleteSelf) Channel closing: too late to send/recv, messages will be lost

1540260805190	Marionette	INFO	Stopped listening on port 59779
IPDL protocol error: Handler returned error code!

###!!! [Parent][DispatchAsyncMessage] Error: PLayerTransaction::Msg_ReleaseLayer Processing error: message was deserialized, but the handler returned false (indicating failure)

IPDL protocol error: Handler returned error code!

###!!! [Parent][DispatchAsyncMessage] Error: PLayerTransaction::Msg_ReleaseLayer Processing error: message was deserialized, but the handler returned false (indicating failure)

IPDL protocol error: Handler returned error code!

###!!! [Parent][DispatchAsyncMessage] Error: PLayerTransaction::Msg_ReleaseLayer Processing error: message was deserialized, but the handler returned false (indicating failure)

IPDL protocol error: Handler returned error code!

###!!! [Parent][DispatchAsyncMessage] Error: PLayerTransaction::Msg_ReleaseLayer Processing error: message was deserialized, but the handler returned false (indicating failure)

1540260809257	Marionette	INFO	Stopped listening on port 60183
1540261070132	mozrunner::runner	INFO	Running command: "/Applications/Firefox.app/Contents/MacOS/firefox-bin" "-marionette" "-foreground" "-no-remote" "-profile" "/var/folders/b9/n_fvvmc95clfd6qskztntdp40000gn/T/rust_mozprofile.4VCrCMBfxFE4"
2018-10-22 21:17:51.550 plugin-container[19510:743708] *** CFMessagePort: bootstrap_register(): failed 1100 (0x44c) 'Permission denied', port = 0x7333, name = 'com.apple.tsm.portname'
See /usr/include/servers/bootstrap_defs.h for the error codes.
2018-10-22 21:17:51.668 plugin-container[19510:743708] *** CFMessagePort: bootstrap_register(): failed 1100 (0x44c) 'Permission denied', port = 0x73ab, name = 'com.apple.coredrag'
See /usr/include/servers/bootstrap_defs.h for the error codes.
2018-10-22 21:17:51.867 plugin-container[19511:743733] *** CFMessagePort: bootstrap_register(): failed 1100 (0x44c) 'Permission denied', port = 0x732f, name = 'com.apple.tsm.portname'
See /usr/include/servers/bootstrap_defs.h for the error codes.
2018-10-22 21:17:51.968 plugin-container[19511:743733] *** CFMessagePort: bootstrap_register(): failed 1100 (0x44c) 'Permission denied', port = 0x8803, name = 'com.apple.coredrag'
See /usr/include/servers/bootstrap_defs.h for the error codes.
1540261072099	Marionette	INFO	Listening on port 60536
1540261072196	Marionette	WARN	TLS certificate errors will be ignored for this session
1540261072237	Marionette	DEBUG	[4294967297] Frame script loaded
1540261072245	Marionette	DEBUG	[4294967297] Frame script registered
1540261072264	Marionette	DEBUG	[4294967297] Received DOM event beforeunload for about:blank
1540261072412	Marionette	DEBUG	[4294967297] Received DOM event pagehide for about:blank
2018-10-22 21:17:52.644 plugin-container[19512:743861] *** CFMessagePort: bootstrap_register(): failed 1100 (0x44c) 'Permission denied', port = 0x7347, name = 'com.apple.tsm.portname'
See /usr/include/servers/bootstrap_defs.h for the error codes.
1540261072668	Marionette	DEBUG	[4294967297] Received DOM event DOMContentLoaded for http://fantasy.espn.com/hockey/team?leagueId=59174507&teamId=2&seasonId=2019
2018-10-22 21:17:52.796 plugin-container[19512:743861] *** CFMessagePort: bootstrap_register(): failed 1100 (0x44c) 'Permission denied', port = 0x7347, name = 'com.apple.coredrag'
See /usr/include/servers/bootstrap_defs.h for the error codes.
1540261074713	Marionette	DEBUG	[4294967297] Received DOM event pageshow for http://fantasy.espn.com/hockey/team?leagueId=59174507&teamId=2&seasonId=2019
JavaScript warning: https://www.googletagmanager.com/gtag/js?id=AW-817714641, line 75: unreachable code after return statement
JavaScript warning: https://www.googletagmanager.com/gtag/js?id=AW-817714641, line 124: unreachable code after return statement
JavaScript warning: https://www.googletagmanager.com/gtag/js?id=AW-817714641, line 124: unreachable code after return statement
JavaScript warning: https://www.googletagmanager.com/gtag/js?id=AW-817714641, line 75: unreachable code after return statement
JavaScript warning: https://www.googletagmanager.com/gtag/js?id=AW-817714641, line 75: unreachable code after return statement
JavaScript warning: https://www.googletagmanager.com/gtag/js?id=AW-817714641, line 124: unreachable code after return statement
JavaScript warning: https://www.googletagmanager.com/gtag/js?id=AW-817714641, line 124: unreachable code after return statement
JavaScript warning: https://www.googletagmanager.com/gtag/js?id=AW-817714641, line 75: unreachable code after return statement
JavaScript warning: http://a.espncdn.com/players/web-player-bundle/latest/espn-web-player-bundle.js, line 9306: unreachable code after return statement
JavaScript warning: http://a.espncdn.com/players/web-player-bundle/latest/espn-web-player-bundle.js, line 9306: unreachable code after return statement
JavaScript warning: https://www.googletagmanager.com/gtag/js?id=AW-817714641, line 75: unreachable code after return statement
JavaScript warning: https://www.googletagmanager.com/gtag/js?id=AW-817714641, line 124: unreachable code after return statement
JavaScript warning: https://www.googletagmanager.com/gtag/js?id=AW-817714641, line 124: unreachable code after return statement
JavaScript warning: https://www.googletagmanager.com/gtag/js?id=AW-817714641, line 75: unreachable code after return statement
JavaScript warning: https://www.googletagmanager.com/gtag/js?id=AW-817714641, line 75: unreachable code after return statement
JavaScript warning: https://www.googletagmanager.com/gtag/js?id=AW-817714641, line 124: unreachable code after return statement
JavaScript warning: https://www.googletagmanager.com/gtag/js?id=AW-817714641, line 124: unreachable code after return statement
JavaScript warning: https://www.googletagmanager.com/gtag/js?id=AW-817714641, line 75: unreachable code after return statement

###!!! [Child][RunMessage] Error: Channel closing: too late to send/recv, messages will be lost


###!!! [Child][RunMessage] Error: Channel closing: too late to send/recv, messages will be lost

1540261249152	Marionette	INFO	Stopped listening on port 60536
2018-10-22 21:20:51.936 plugin-container[19535:748480] *** CFMessagePort: bootstrap_register(): failed 1100 (0x44c) 'Permission denied', port = 0x8543, name = 'com.apple.tsm.portname'
See /usr/include/servers/bootstrap_defs.h for the error codes.
2018-10-22 21:20:52.193 plugin-container[19535:748480] *** CFMessagePort: bootstrap_register(): failed 1100 (0x44c) 'Permission denied', port = 0x6fa3, name = 'com.apple.coredrag'
See /usr/include/servers/bootstrap_defs.h for the error codes.
